0 silly argv {
0 silly argv   _: [ 'create' ],
0 silly argv   lernaVersion: '8.1.2',
0 silly argv   '$0': 'C:\\Users\\z003a0vy\\AppData\\Roaming\\npm\\node_modules\\lerna\\dist\\cli.js',
0 silly argv   name: 'angular-lib'
0 silly argv }
1 notice cli v8.1.2
2 verbose packageConfigs Resolving packages based on package.json "workspaces" configuration.
3 verbose rootPath C:\InnomoticsGit\iux
4 error JSONError: Unexpected token "}" (0x7D) in JSON at position 705 while parsing near "....js\": \"~0.14.3\",\r\n  },\r\n  \"devDependenci..." in packages\angular-workspace\package.json
4 error
4 error [0m [90m 22 |[39m     [32m"tslib"[39m[33m:[39m [32m"^2.3.0"[39m[33m,[39m[0m
4 error [0m [90m 23 |[39m     [32m"zone.js"[39m[33m:[39m [32m"~0.14.3"[39m[33m,[39m[0m
4 error [0m[31m[1m>[22m[39m[90m 24 |[39m   }[33m,[39m[0m
4 error [0m [90m    |[39m   [31m[1m^[22m[39m[0m
4 error [0m [90m 25 |[39m   [32m"devDependencies"[39m[33m:[39m {[0m
4 error [0m [90m 26 |[39m     [32m"@angular-devkit/build-angular"[39m[33m:[39m [32m"^17.2.1"[39m[33m,[39m[0m
4 error [0m [90m 27 |[39m     [32m"@angular/cli"[39m[33m:[39m [32m"^17.2.1"[39m[33m,[39m[0m
4 error
4 error     at parseJson (C:\InnomoticsGit\iux\node_modules\parse-json\index.js:29:21)
4 error     at parse (C:\InnomoticsGit\iux\node_modules\load-json-file\index.js:15:9)
4 error     at module.exports (C:\InnomoticsGit\iux\node_modules\load-json-file\index.js:18:47)
